2026-01-14 15:48:47.078 [INFO] java_M4_Activity8.BankAccount - Deposit requested: ₱5000.0
2026-01-14 15:48:47.082 [INFO] java_M4_Activity8.BankAccount - Deposit completed: ₱5000.0, New balance: ₱15000.0
2026-01-14 15:48:47.083 [INFO] java_M4_Activity8.BankAccount - Withdrawal requested: ₱3000.0
2026-01-14 15:48:47.083 [INFO] java_M4_Activity8.BankAccount - Withdrawal completed: ₱3000.0, New balance: ₱12000.0
2026-01-14 15:48:47.084 [INFO] java_M4_Activity8.BankAccount - Deposit requested: ₱-500.0
2026-01-14 15:48:47.084 [ERROR] java_M4_Activity8.BankAccount - Invalid deposit amount: ₱-500.0
2026-01-14 15:48:47.084 [ERROR] java_M4_Activity8.BankAccount - Deposit failed: Deposit amount must be positive
java_M4_Activity8.InvalidAmountException: Deposit amount must be positive
	at java_M4_Activity8.BankAccount.deposit(BankAccount.java:47)
	at java_M4_Activity8.BankAccount.lambda$2(BankAccount.java:18)
	at java_M4_Activity8.BankAccount.runTest(BankAccount.java:61)
	at java_M4_Activity8.BankAccount.main(BankAccount.java:18)
2026-01-14 15:48:47.088 [INFO] java_M4_Activity8.BankAccount - Withdrawal requested: ₱20000.0
2026-01-14 15:48:47.088 [WARN] java_M4_Activity8.BankAccount - Insufficient funds: ₱12000.0 available
2026-01-14 15:48:47.088 [ERROR] java_M4_Activity8.BankAccount - Withdrawal failed: Insufficient funds for withdrawal
java_M4_Activity8.InsufficientFundsException: Insufficient funds for withdrawal
	at java_M4_Activity8.BankAccount.withdraw(BankAccount.java:33)
	at java_M4_Activity8.BankAccount.lambda$3(BankAccount.java:19)
	at java_M4_Activity8.BankAccount.runTest(BankAccount.java:61)
	at java_M4_Activity8.BankAccount.main(BankAccount.java:19)
2026-01-14 15:48:47.089 [INFO] java_M4_Activity8.BankAccount - Deposit requested: ₱60000.0
2026-01-14 15:48:47.089 [WARN] java_M4_Activity8.BankAccount - Large deposit: ₱60000.0 - requires verification
2026-01-14 15:48:47.089 [INFO] java_M4_Activity8.BankAccount - Deposit completed: ₱60000.0, New balance: ₱72000.0
